Building DAG of jobs...
Using shell: /usr/bin/bash
Provided cluster nodes: 26
Job stats:
job                        count    min threads    max threads
-----------------------  -------  -------------  -------------
run_simulation_all_subj        1              1              1
run_simulation_subj            2              1              1
total                          3              1              1

Select jobs to execute...

[Sun Aug  7 05:25:51 2022]
rule run_simulation_subj:
    input: /scratch/jh7685/sfp_nsd/derivatives_HPC/simulation/synthetic_data_2D/syn_data_2d_full_ver-True_pw-True_noise_mtpl-1_subj-02.csv
    output: /scratch/jh7685/sfp_nsd/derivatives_HPC/simulation/results_2D/model_history_full_ver-True_pw-True_noise_mtpl-1_subj-02_lr-0.0005_eph-15000.csv, /scratch/jh7685/sfp_nsd/derivatives_HPC/simulation/results_2D/loss_history_full_ver-True_pw-True_noise_mtpl-1_subj-02_lr-0.0005_eph-15000.csv, /scratch/jh7685/sfp_nsd/derivatives_HPC/simulation/results_2D/losses_history_full_ver-True_pw-True_noise_mtpl-1_subj-02_lr-0.0005_eph-15000.csv
    log: /scratch/jh7685/sfp_nsd/derivatives_HPC/logs/simulation/results_2D/loss_history_full_ver-True_pw-True_noise_mtpl-1_subj-02_lr-0.0005_eph-15000.log
    jobid: 4
    reason: Missing output files: /scratch/jh7685/sfp_nsd/derivatives_HPC/simulation/results_2D/loss_history_full_ver-True_pw-True_noise_mtpl-1_subj-02_lr-0.0005_eph-15000.csv
    wildcards: full_ver=True, pw=True, n_sd_mtpl=1, sn=02, lr=0.0005, max_epoch=15000
    resources: mem_mb=1000, disk_mb=1000, tmpdir=/tmp

Error submitting jobscript (exit code 1):


[Sun Aug  7 05:25:51 2022]
rule run_simulation_subj:
    input: /scratch/jh7685/sfp_nsd/derivatives_HPC/simulation/synthetic_data_2D/syn_data_2d_full_ver-True_pw-True_noise_mtpl-1_subj-01.csv
    output: /scratch/jh7685/sfp_nsd/derivatives_HPC/simulation/results_2D/model_history_full_ver-True_pw-True_noise_mtpl-1_subj-01_lr-0.0005_eph-15000.csv, /scratch/jh7685/sfp_nsd/derivatives_HPC/simulation/results_2D/loss_history_full_ver-True_pw-True_noise_mtpl-1_subj-01_lr-0.0005_eph-15000.csv, /scratch/jh7685/sfp_nsd/derivatives_HPC/simulation/results_2D/losses_history_full_ver-True_pw-True_noise_mtpl-1_subj-01_lr-0.0005_eph-15000.csv
    log: /scratch/jh7685/sfp_nsd/derivatives_HPC/logs/simulation/results_2D/loss_history_full_ver-True_pw-True_noise_mtpl-1_subj-01_lr-0.0005_eph-15000.log
    jobid: 1
    reason: Missing output files: /scratch/jh7685/sfp_nsd/derivatives_HPC/simulation/results_2D/loss_history_full_ver-True_pw-True_noise_mtpl-1_subj-01_lr-0.0005_eph-15000.csv
    wildcards: full_ver=True, pw=True, n_sd_mtpl=1, sn=01, lr=0.0005, max_epoch=15000
    resources: mem_mb=1000, disk_mb=1000, tmpdir=/tmp

Error submitting jobscript (exit code 1):

Trying to restart job 4.
Trying to restart job 1.
Select jobs to execute...

[Sun Aug  7 05:25:51 2022]
rule run_simulation_subj:
    input: /scratch/jh7685/sfp_nsd/derivatives_HPC/simulation/synthetic_data_2D/syn_data_2d_full_ver-True_pw-True_noise_mtpl-1_subj-02.csv
    output: /scratch/jh7685/sfp_nsd/derivatives_HPC/simulation/results_2D/model_history_full_ver-True_pw-True_noise_mtpl-1_subj-02_lr-0.0005_eph-15000.csv, /scratch/jh7685/sfp_nsd/derivatives_HPC/simulation/results_2D/loss_history_full_ver-True_pw-True_noise_mtpl-1_subj-02_lr-0.0005_eph-15000.csv, /scratch/jh7685/sfp_nsd/derivatives_HPC/simulation/results_2D/losses_history_full_ver-True_pw-True_noise_mtpl-1_subj-02_lr-0.0005_eph-15000.csv
    log: /scratch/jh7685/sfp_nsd/derivatives_HPC/logs/simulation/results_2D/loss_history_full_ver-True_pw-True_noise_mtpl-1_subj-02_lr-0.0005_eph-15000.log
    jobid: 4
    reason: Missing output files: /scratch/jh7685/sfp_nsd/derivatives_HPC/simulation/results_2D/loss_history_full_ver-True_pw-True_noise_mtpl-1_subj-02_lr-0.0005_eph-15000.csv
    wildcards: full_ver=True, pw=True, n_sd_mtpl=1, sn=02, lr=0.0005, max_epoch=15000
    resources: mem_mb=1000, disk_mb=1000, tmpdir=/tmp

Error submitting jobscript (exit code 1):


[Sun Aug  7 05:25:52 2022]
rule run_simulation_subj:
    input: /scratch/jh7685/sfp_nsd/derivatives_HPC/simulation/synthetic_data_2D/syn_data_2d_full_ver-True_pw-True_noise_mtpl-1_subj-01.csv
    output: /scratch/jh7685/sfp_nsd/derivatives_HPC/simulation/results_2D/model_history_full_ver-True_pw-True_noise_mtpl-1_subj-01_lr-0.0005_eph-15000.csv, /scratch/jh7685/sfp_nsd/derivatives_HPC/simulation/results_2D/loss_history_full_ver-True_pw-True_noise_mtpl-1_subj-01_lr-0.0005_eph-15000.csv, /scratch/jh7685/sfp_nsd/derivatives_HPC/simulation/results_2D/losses_history_full_ver-True_pw-True_noise_mtpl-1_subj-01_lr-0.0005_eph-15000.csv
    log: /scratch/jh7685/sfp_nsd/derivatives_HPC/logs/simulation/results_2D/loss_history_full_ver-True_pw-True_noise_mtpl-1_subj-01_lr-0.0005_eph-15000.log
    jobid: 1
    reason: Missing output files: /scratch/jh7685/sfp_nsd/derivatives_HPC/simulation/results_2D/loss_history_full_ver-True_pw-True_noise_mtpl-1_subj-01_lr-0.0005_eph-15000.csv
    wildcards: full_ver=True, pw=True, n_sd_mtpl=1, sn=01, lr=0.0005, max_epoch=15000
    resources: mem_mb=1000, disk_mb=1000, tmpdir=/tmp

Error submitting jobscript (exit code 1):

Shutting down, this might take some time.
Exiting because a job execution failed. Look above for error message
Complete log: .snakemake/log/2022-08-07T052549.486537.snakemake.log
