Building DAG of jobs...
Using shell: /usr/bin/bash
Provided cluster nodes: 2
Job stats:
job                              count    min threads    max threads
-----------------------------  -------  -------------  -------------
generate_noisy_synthetic_data        1              1              1
generate_synthetic_data              1              1              1
plot_loss_history                    1              1              1
run_simulation                       1              1              1
total                                4              1              1

Select jobs to execute...

[Fri Jul 22 12:02:28 2022]
rule generate_synthetic_data:
    input: /home/jh7685/sfp_nsd/natural-scenes-dataset/nsdsynthetic_sf_stim_description.csv, /home/jh7685/sfp_nsd/natural-scenes-dataset/derivatives/dataframes
    output: /scratch/jh7685/sfp_nsd/derivatives_HPC/simulation/synthetic_data_2D/original_syn_data_2d_full_ver-True_pw-True_noise_mtpl-0_n_vox-3.csv
    log: /scratch/jh7685/sfp_nsd/derivatives_HPC/logs/simulation/synthetic_data_2D/original_syn_data_2d_full_ver-True_pw-True_noise_mtpl-0_n_vox-3.log
    jobid: 3
    reason: Missing output files: /scratch/jh7685/sfp_nsd/derivatives_HPC/simulation/synthetic_data_2D/original_syn_data_2d_full_ver-True_pw-True_noise_mtpl-0_n_vox-3.csv
    wildcards: full_ver=True, pw=True, n_voxels=3
    resources: mem_mb=1000, disk_mb=1000, tmpdir=/tmp

Submitted job 3 with external jobid '22652029'.
[Fri Jul 22 12:03:45 2022]
Finished job 3.
1 of 4 steps (25%) done
Select jobs to execute...

[Fri Jul 22 12:03:45 2022]
rule generate_noisy_synthetic_data:
    input: /scratch/jh7685/sfp_nsd/derivatives_HPC/simulation/synthetic_data_2D/original_syn_data_2d_full_ver-True_pw-True_noise_mtpl-0_n_vox-3.csv
    output: /scratch/jh7685/sfp_nsd/derivatives_HPC/simulation/synthetic_data_2D/syn_data_2d_full_ver-True_pw-True_noise_mtpl-1_n_vox-3.csv
    log: /scratch/jh7685/sfp_nsd/derivatives_HPC/logs/simulation/synthetic_data_2D/syn_data_2d_full_ver-True_pw-True_noise_mtpl-1_n_vox-3.csv
    jobid: 2
    reason: Missing output files: /scratch/jh7685/sfp_nsd/derivatives_HPC/simulation/synthetic_data_2D/syn_data_2d_full_ver-True_pw-True_noise_mtpl-1_n_vox-3.csv; Input files updated by another job: /scratch/jh7685/sfp_nsd/derivatives_HPC/simulation/synthetic_data_2D/original_syn_data_2d_full_ver-True_pw-True_noise_mtpl-0_n_vox-3.csv
    wildcards: full_ver=True, pw=True, n_sd_mtpl=1, n_voxels=3
    resources: mem_mb=1000, disk_mb=1000, tmpdir=/tmp

Submitted job 2 with external jobid '22652086'.
[Fri Jul 22 12:03:56 2022]
Finished job 2.
2 of 4 steps (50%) done
Select jobs to execute...

[Fri Jul 22 12:03:56 2022]
rule run_simulation:
    input: /scratch/jh7685/sfp_nsd/derivatives_HPC/simulation/synthetic_data_2D/syn_data_2d_full_ver-True_pw-True_noise_mtpl-1_n_vox-3.csv
    output: /scratch/jh7685/sfp_nsd/derivatives_HPC/simulation/results_2D/model_history_full_ver-True_pw-True_noise_mtpl-1_n_vox-3_lr-0.001_eph-3.csv, /scratch/jh7685/sfp_nsd/derivatives_HPC/simulation/results_2D/loss_history_full_ver-True_pw-True_noise_mtpl-1_n_vox-3_lr-0.001_eph-3.csv, /scratch/jh7685/sfp_nsd/derivatives_HPC/simulation/results_2D/losses_history_full_ver-True_pw-True_noise_mtpl-1_n_vox-3_lr-0.001_eph-3.csv
    log: /scratch/jh7685/sfp_nsd/derivatives_HPC/logs/simulation/results_2D/loss_history_full_ver-True_pw-True_noise_mtpl-1_n_vox-3_lr-0.001_eph-3.log
    jobid: 1
    reason: Missing output files: /scratch/jh7685/sfp_nsd/derivatives_HPC/simulation/results_2D/loss_history_full_ver-True_pw-True_noise_mtpl-1_n_vox-3_lr-0.001_eph-3.csv; Input files updated by another job: /scratch/jh7685/sfp_nsd/derivatives_HPC/simulation/synthetic_data_2D/syn_data_2d_full_ver-True_pw-True_noise_mtpl-1_n_vox-3.csv
    wildcards: full_ver=True, pw=True, n_sd_mtpl=1, n_voxels=3, lr=0.001, max_epoch=3
    resources: mem_mb=1000, disk_mb=1000, tmpdir=/tmp

Submitted job 1 with external jobid '22652087'.
[Fri Jul 22 12:04:18 2022]
Finished job 1.
3 of 4 steps (75%) done
Select jobs to execute...

[Fri Jul 22 12:04:18 2022]
rule plot_loss_history:
    input: /scratch/jh7685/sfp_nsd/derivatives_HPC/simulation/results_2D/loss_history_full_ver-True_pw-True_noise_mtpl-1_n_vox-3_lr-0.001_eph-3.csv
    output: /scratch/jh7685/sfp_nsd/derivatives_HPC/figures/simulation/results_2D/Epoch_vs_Loss/loss_plot_full_ver-True_pw-True_noise_mtpl-1_n_vox-3_lr-0.001_eph-3.png
    log: /scratch/jh7685/sfp_nsd/derivatives_HPC/logs/figures/Epoch_vs_Loss/loss_plot_full_ver-True_pw-True_noise_mtpl-1_n_vox-3_lr-0.001_eph-3.log
    jobid: 0
    reason: Missing output files: /scratch/jh7685/sfp_nsd/derivatives_HPC/figures/simulation/results_2D/Epoch_vs_Loss/loss_plot_full_ver-True_pw-True_noise_mtpl-1_n_vox-3_lr-0.001_eph-3.png; Input files updated by another job: /scratch/jh7685/sfp_nsd/derivatives_HPC/simulation/results_2D/loss_history_full_ver-True_pw-True_noise_mtpl-1_n_vox-3_lr-0.001_eph-3.csv
    wildcards: full_ver=True, pw=True, n_sd_mtpl=1, n_voxels=3, lr=0.001, max_epoch=3
    resources: mem_mb=1000, disk_mb=1000, tmpdir=/tmp

Submitted job 0 with external jobid '22652090'.
[Fri Jul 22 12:04:29 2022]
Finished job 0.
4 of 4 steps (100%) done
Complete log: .snakemake/log/2022-07-22T120219.466559.snakemake.log
