Building DAG of jobs...
Using shell: /usr/bin/bash
Provided cluster nodes: 20
Job stats:
job                        count    min threads    max threads
-----------------------  -------  -------------  -------------
run_simulation_all_subj        1              1              1
run_simulation_subj            8              1              1
total                          9              1              1

Select jobs to execute...

[Wed Jul 27 09:50:55 2022]
rule run_simulation_subj:
    input: /scratch/jh7685/sfp_nsd/derivatives_HPC/simulation/synthetic_data_2D/syn_data_2d_full_ver-True_pw-True_noise_mtpl-1_subj-02.csv
    output: /scratch/jh7685/sfp_nsd/derivatives_HPC/simulation/results_2D/model_history_full_ver-True_pw-True_noise_mtpl-1_subj-02_lr-0.0005_eph-20000.csv, /scratch/jh7685/sfp_nsd/derivatives_HPC/simulation/results_2D/loss_history_full_ver-True_pw-True_noise_mtpl-1_subj-02_lr-0.0005_eph-20000.csv, /scratch/jh7685/sfp_nsd/derivatives_HPC/simulation/results_2D/losses_history_full_ver-True_pw-True_noise_mtpl-1_subj-02_lr-0.0005_eph-20000.csv
    log: /scratch/jh7685/sfp_nsd/derivatives_HPC/logs/simulation/results_2D/loss_history_full_ver-True_pw-True_noise_mtpl-1_subj-02_lr-0.0005_eph-20000.log
    jobid: 4
    reason: Missing output files: /scratch/jh7685/sfp_nsd/derivatives_HPC/simulation/results_2D/loss_history_full_ver-True_pw-True_noise_mtpl-1_subj-02_lr-0.0005_eph-20000.csv
    wildcards: full_ver=True, pw=True, n_sd_mtpl=1, sn=02, lr=0.0005, max_epoch=20000
    resources: mem_mb=1000, disk_mb=1000, tmpdir=/tmp

Submitted job 4 with external jobid '22857522'.

[Wed Jul 27 09:50:57 2022]
rule run_simulation_subj:
    input: /scratch/jh7685/sfp_nsd/derivatives_HPC/simulation/synthetic_data_2D/syn_data_2d_full_ver-True_pw-True_noise_mtpl-1_subj-07.csv
    output: /scratch/jh7685/sfp_nsd/derivatives_HPC/simulation/results_2D/model_history_full_ver-True_pw-True_noise_mtpl-1_subj-07_lr-0.0005_eph-20000.csv, /scratch/jh7685/sfp_nsd/derivatives_HPC/simulation/results_2D/loss_history_full_ver-True_pw-True_noise_mtpl-1_subj-07_lr-0.0005_eph-20000.csv, /scratch/jh7685/sfp_nsd/derivatives_HPC/simulation/results_2D/losses_history_full_ver-True_pw-True_noise_mtpl-1_subj-07_lr-0.0005_eph-20000.csv
    log: /scratch/jh7685/sfp_nsd/derivatives_HPC/logs/simulation/results_2D/loss_history_full_ver-True_pw-True_noise_mtpl-1_subj-07_lr-0.0005_eph-20000.log
    jobid: 19
    reason: Missing output files: /scratch/jh7685/sfp_nsd/derivatives_HPC/simulation/results_2D/loss_history_full_ver-True_pw-True_noise_mtpl-1_subj-07_lr-0.0005_eph-20000.csv
    wildcards: full_ver=True, pw=True, n_sd_mtpl=1, sn=07, lr=0.0005, max_epoch=20000
    resources: mem_mb=1000, disk_mb=1000, tmpdir=/tmp

Submitted job 19 with external jobid '22857523'.

[Wed Jul 27 09:50:57 2022]
rule run_simulation_subj:
    input: /scratch/jh7685/sfp_nsd/derivatives_HPC/simulation/synthetic_data_2D/syn_data_2d_full_ver-True_pw-True_noise_mtpl-1_subj-03.csv
    output: /scratch/jh7685/sfp_nsd/derivatives_HPC/simulation/results_2D/model_history_full_ver-True_pw-True_noise_mtpl-1_subj-03_lr-0.0005_eph-20000.csv, /scratch/jh7685/sfp_nsd/derivatives_HPC/simulation/results_2D/loss_history_full_ver-True_pw-True_noise_mtpl-1_subj-03_lr-0.0005_eph-20000.csv, /scratch/jh7685/sfp_nsd/derivatives_HPC/simulation/results_2D/losses_history_full_ver-True_pw-True_noise_mtpl-1_subj-03_lr-0.0005_eph-20000.csv
    log: /scratch/jh7685/sfp_nsd/derivatives_HPC/logs/simulation/results_2D/loss_history_full_ver-True_pw-True_noise_mtpl-1_subj-03_lr-0.0005_eph-20000.log
    jobid: 7
    reason: Missing output files: /scratch/jh7685/sfp_nsd/derivatives_HPC/simulation/results_2D/loss_history_full_ver-True_pw-True_noise_mtpl-1_subj-03_lr-0.0005_eph-20000.csv
    wildcards: full_ver=True, pw=True, n_sd_mtpl=1, sn=03, lr=0.0005, max_epoch=20000
    resources: mem_mb=1000, disk_mb=1000, tmpdir=/tmp

Submitted job 7 with external jobid '22857524'.

[Wed Jul 27 09:51:00 2022]
rule run_simulation_subj:
    input: /scratch/jh7685/sfp_nsd/derivatives_HPC/simulation/synthetic_data_2D/syn_data_2d_full_ver-True_pw-True_noise_mtpl-1_subj-01.csv
    output: /scratch/jh7685/sfp_nsd/derivatives_HPC/simulation/results_2D/model_history_full_ver-True_pw-True_noise_mtpl-1_subj-01_lr-0.0005_eph-20000.csv, /scratch/jh7685/sfp_nsd/derivatives_HPC/simulation/results_2D/loss_history_full_ver-True_pw-True_noise_mtpl-1_subj-01_lr-0.0005_eph-20000.csv, /scratch/jh7685/sfp_nsd/derivatives_HPC/simulation/results_2D/losses_history_full_ver-True_pw-True_noise_mtpl-1_subj-01_lr-0.0005_eph-20000.csv
    log: /scratch/jh7685/sfp_nsd/derivatives_HPC/logs/simulation/results_2D/loss_history_full_ver-True_pw-True_noise_mtpl-1_subj-01_lr-0.0005_eph-20000.log
    jobid: 1
    reason: Missing output files: /scratch/jh7685/sfp_nsd/derivatives_HPC/simulation/results_2D/loss_history_full_ver-True_pw-True_noise_mtpl-1_subj-01_lr-0.0005_eph-20000.csv
    wildcards: full_ver=True, pw=True, n_sd_mtpl=1, sn=01, lr=0.0005, max_epoch=20000
    resources: mem_mb=1000, disk_mb=1000, tmpdir=/tmp

Submitted job 1 with external jobid '22857525'.

[Wed Jul 27 09:51:00 2022]
rule run_simulation_subj:
    input: /scratch/jh7685/sfp_nsd/derivatives_HPC/simulation/synthetic_data_2D/syn_data_2d_full_ver-True_pw-True_noise_mtpl-1_subj-05.csv
    output: /scratch/jh7685/sfp_nsd/derivatives_HPC/simulation/results_2D/model_history_full_ver-True_pw-True_noise_mtpl-1_subj-05_lr-0.0005_eph-20000.csv, /scratch/jh7685/sfp_nsd/derivatives_HPC/simulation/results_2D/loss_history_full_ver-True_pw-True_noise_mtpl-1_subj-05_lr-0.0005_eph-20000.csv, /scratch/jh7685/sfp_nsd/derivatives_HPC/simulation/results_2D/losses_history_full_ver-True_pw-True_noise_mtpl-1_subj-05_lr-0.0005_eph-20000.csv
    log: /scratch/jh7685/sfp_nsd/derivatives_HPC/logs/simulation/results_2D/loss_history_full_ver-True_pw-True_noise_mtpl-1_subj-05_lr-0.0005_eph-20000.log
    jobid: 13
    reason: Missing output files: /scratch/jh7685/sfp_nsd/derivatives_HPC/simulation/results_2D/loss_history_full_ver-True_pw-True_noise_mtpl-1_subj-05_lr-0.0005_eph-20000.csv
    wildcards: full_ver=True, pw=True, n_sd_mtpl=1, sn=05, lr=0.0005, max_epoch=20000
    resources: mem_mb=1000, disk_mb=1000, tmpdir=/tmp

Submitted job 13 with external jobid '22857526'.

[Wed Jul 27 09:51:03 2022]
rule run_simulation_subj:
    input: /scratch/jh7685/sfp_nsd/derivatives_HPC/simulation/synthetic_data_2D/syn_data_2d_full_ver-True_pw-True_noise_mtpl-1_subj-08.csv
    output: /scratch/jh7685/sfp_nsd/derivatives_HPC/simulation/results_2D/model_history_full_ver-True_pw-True_noise_mtpl-1_subj-08_lr-0.0005_eph-20000.csv, /scratch/jh7685/sfp_nsd/derivatives_HPC/simulation/results_2D/loss_history_full_ver-True_pw-True_noise_mtpl-1_subj-08_lr-0.0005_eph-20000.csv, /scratch/jh7685/sfp_nsd/derivatives_HPC/simulation/results_2D/losses_history_full_ver-True_pw-True_noise_mtpl-1_subj-08_lr-0.0005_eph-20000.csv
    log: /scratch/jh7685/sfp_nsd/derivatives_HPC/logs/simulation/results_2D/loss_history_full_ver-True_pw-True_noise_mtpl-1_subj-08_lr-0.0005_eph-20000.log
    jobid: 22
    reason: Missing output files: /scratch/jh7685/sfp_nsd/derivatives_HPC/simulation/results_2D/loss_history_full_ver-True_pw-True_noise_mtpl-1_subj-08_lr-0.0005_eph-20000.csv
    wildcards: full_ver=True, pw=True, n_sd_mtpl=1, sn=08, lr=0.0005, max_epoch=20000
    resources: mem_mb=1000, disk_mb=1000, tmpdir=/tmp

Submitted job 22 with external jobid '22857527'.

[Wed Jul 27 09:51:03 2022]
rule run_simulation_subj:
    input: /scratch/jh7685/sfp_nsd/derivatives_HPC/simulation/synthetic_data_2D/syn_data_2d_full_ver-True_pw-True_noise_mtpl-1_subj-04.csv
    output: /scratch/jh7685/sfp_nsd/derivatives_HPC/simulation/results_2D/model_history_full_ver-True_pw-True_noise_mtpl-1_subj-04_lr-0.0005_eph-20000.csv, /scratch/jh7685/sfp_nsd/derivatives_HPC/simulation/results_2D/loss_history_full_ver-True_pw-True_noise_mtpl-1_subj-04_lr-0.0005_eph-20000.csv, /scratch/jh7685/sfp_nsd/derivatives_HPC/simulation/results_2D/losses_history_full_ver-True_pw-True_noise_mtpl-1_subj-04_lr-0.0005_eph-20000.csv
    log: /scratch/jh7685/sfp_nsd/derivatives_HPC/logs/simulation/results_2D/loss_history_full_ver-True_pw-True_noise_mtpl-1_subj-04_lr-0.0005_eph-20000.log
    jobid: 10
    reason: Missing output files: /scratch/jh7685/sfp_nsd/derivatives_HPC/simulation/results_2D/loss_history_full_ver-True_pw-True_noise_mtpl-1_subj-04_lr-0.0005_eph-20000.csv
    wildcards: full_ver=True, pw=True, n_sd_mtpl=1, sn=04, lr=0.0005, max_epoch=20000
    resources: mem_mb=1000, disk_mb=1000, tmpdir=/tmp

Submitted job 10 with external jobid '22857528'.

[Wed Jul 27 09:51:04 2022]
rule run_simulation_subj:
    input: /scratch/jh7685/sfp_nsd/derivatives_HPC/simulation/synthetic_data_2D/syn_data_2d_full_ver-True_pw-True_noise_mtpl-1_subj-06.csv
    output: /scratch/jh7685/sfp_nsd/derivatives_HPC/simulation/results_2D/model_history_full_ver-True_pw-True_noise_mtpl-1_subj-06_lr-0.0005_eph-20000.csv, /scratch/jh7685/sfp_nsd/derivatives_HPC/simulation/results_2D/loss_history_full_ver-True_pw-True_noise_mtpl-1_subj-06_lr-0.0005_eph-20000.csv, /scratch/jh7685/sfp_nsd/derivatives_HPC/simulation/results_2D/losses_history_full_ver-True_pw-True_noise_mtpl-1_subj-06_lr-0.0005_eph-20000.csv
    log: /scratch/jh7685/sfp_nsd/derivatives_HPC/logs/simulation/results_2D/loss_history_full_ver-True_pw-True_noise_mtpl-1_subj-06_lr-0.0005_eph-20000.log
    jobid: 16
    reason: Missing output files: /scratch/jh7685/sfp_nsd/derivatives_HPC/simulation/results_2D/loss_history_full_ver-True_pw-True_noise_mtpl-1_subj-06_lr-0.0005_eph-20000.csv
    wildcards: full_ver=True, pw=True, n_sd_mtpl=1, sn=06, lr=0.0005, max_epoch=20000
    resources: mem_mb=1000, disk_mb=1000, tmpdir=/tmp

Submitted job 16 with external jobid '22857529'.
